This file contains any messages produced by compilers while
running configure, to aid debugging if configure makes a mistake.

It was created by epoll configure 1.0, which was
generated by GNU Autoconf 2.69.  Invocation command line was

  $ ./configure 

## --------- ##
## Platform. ##
## --------- ##

hostname = localhost.localdomain
uname -m = x86_64
uname -r = 4.10.5-200.fc25.x86_64
uname -s = Linux
uname -v = #1 SMP Wed Mar 22 20:37:08 UTC 2017

/usr/bin/uname -p = x86_64
/bin/uname -X     = unknown

/bin/arch              = x86_64
/usr/bin/arch -k       = unknown
/usr/convex/getsysinfo = unknown
/usr/bin/hostinfo      = unknown
/bin/machine           = unknown
/usr/bin/oslevel       = unknown
/bin/universe          = unknown

PATH: /usr/lib64/ccache
PATH: /usr/local/bin
PATH: /usr/local/sbin
PATH: /usr/bin
PATH: /usr/sbin
PATH: /home/master/.local/bin
PATH: /home/master/bin


## ----------- ##
## Core tests. ##
## ----------- ##

configure:2171: checking for gcc
configure:2187: found /usr/lib64/ccache/gcc
configure:2198: result: gcc
configure:2427: checking for C compiler version
configure:2436: gcc --version >&5
gcc (GCC) 6.3.1 20161221 (Red Hat 6.3.1-1)
Copyright (C) 2016 Free Software Foundation, Inc.
This is free software; see the source for copying conditions.  There is NO
warranty; not even for MERCHANTABILITY or FITNESS FOR A PARTICULAR PURPOSE.

configure:2447: $? = 0
configure:2436: gcc -v >&5
Using built-in specs.
COLLECT_GCC=/usr/bin/gcc
COLLECT_LTO_WRAPPER=/usr/libexec/gcc/x86_64-redhat-linux/6.3.1/lto-wrapper
Target: x86_64-redhat-linux
Configured with: ../configure --enable-bootstrap --enable-languages=c,c++,objc,obj-c++,fortran,ada,go,lto --prefix=/usr --mandir=/usr/share/man --infodir=/usr/share/info --with-bugurl=http://bugzilla.redhat.com/bugzilla --enable-shared --enable-threads=posix --enable-checking=release --enable-multilib --with-system-zlib --enable-__cxa_atexit --disable-libunwind-exceptions --enable-gnu-unique-object --enable-linker-build-id --with-linker-hash-style=gnu --enable-plugin --enable-initfini-array --disable-libgcj --with-isl --enable-libmpx --enable-gnu-indirect-function --with-tune=generic --with-arch_32=i686 --build=x86_64-redhat-linux
Thread model: posix
gcc version 6.3.1 20161221 (Red Hat 6.3.1-1) (GCC) 
configure:2447: $? = 0
configure:2436: gcc -V >&5
gcc: error: unrecognized command line option '-V'
gcc: fatal error: no input files
compilation terminated.
configure:2447: $? = 1
configure:2436: gcc -qversion >&5
gcc: error: unrecognized command line option '-qversion'; did you mean '--version'?
gcc: fatal error: no input files
compilation terminated.
configure:2447: $? = 1
configure:2467: checking whether the C compiler works
configure:2489: gcc    conftest.c  >&5
configure:2493: $? = 0
configure:2541: result: yes
configure:2544: checking for C compiler default output file name
configure:2546: result: a.out
configure:2552: checking for suffix of executables
configure:2559: gcc -o conftest    conftest.c  >&5
configure:2563: $? = 0
configure:2585: result: 
configure:2607: checking whether we are cross compiling
configure:2615: gcc -o conftest    conftest.c  >&5
configure:2619: $? = 0
configure:2626: ./conftest
configure:2630: $? = 0
configure:2645: result: no
configure:2650: checking for suffix of object files
configure:2672: gcc -c   conftest.c >&5
configure:2676: $? = 0
configure:2697: result: o
configure:2701: checking whether we are using the GNU C compiler
configure:2720: gcc -c   conftest.c >&5
configure:2720: $? = 0
configure:2729: result: yes
configure:2738: checking whether gcc accepts -g
configure:2758: gcc -c -g  conftest.c >&5
configure:2758: $? = 0
configure:2799: result: yes
configure:2816: checking for gcc option to accept ISO C89
configure:2879: gcc  -c -g -O2  conftest.c >&5
configure:2879: $? = 0
configure:2892: result: none needed
configure:2949: checking whether gcc understands -c and -o together
configure:2971: gcc -c conftest.c -o conftest2.o
configure:2974: $? = 0
configure:2971: gcc -c conftest.c -o conftest2.o
configure:2974: $? = 0
configure:2986: result: yes
configure:3008: checking build system type
configure:3022: result: x86_64-unknown-linux-gnu
configure:3042: checking host system type
configure:3055: result: x86_64-unknown-linux-gnu
configure:3075: checking target system type
configure:3088: result: x86_64-unknown-linux-gnu
configure:3134: checking for a BSD-compatible install
configure:3202: result: /usr/bin/install -c
configure:3213: checking whether build environment is sane
configure:3268: result: yes
configure:3416: checking for a thread-safe mkdir -p
configure:3455: result: /usr/bin/mkdir -p
configure:3462: checking for gawk
configure:3478: found /usr/bin/gawk
configure:3489: result: gawk
configure:3500: checking whether make sets $(MAKE)
configure:3522: result: yes
configure:3552: checking for style of include used by make
configure:3580: result: GNU
configure:3614: checking whether make supports nested variables
configure:3631: result: yes
configure:3716: checking dependency style of gcc
configure:3827: result: gcc3
configure:3934: checking how to print strings
configure:3961: result: printf
configure:3982: checking for a sed that does not truncate output
configure:4046: result: /usr/bin/sed
configure:4064: checking for grep that handles long lines and -e
configure:4122: result: /usr/bin/grep
configure:4127: checking for egrep
configure:4189: result: /usr/bin/grep -E
configure:4194: checking for fgrep
configure:4256: result: /usr/bin/grep -F
configure:4291: checking for ld used by gcc
configure:4358: result: /usr/bin/ld
configure:4365: checking if the linker (/usr/bin/ld) is GNU ld
configure:4380: result: yes
configure:4392: checking for BSD- or MS-compatible name lister (nm)
configure:4446: result: /usr/bin/nm -B
configure:4576: checking the name lister (/usr/bin/nm -B) interface
configure:4583: gcc -c -g -O2  conftest.c >&5
configure:4586: /usr/bin/nm -B "conftest.o"
configure:4589: output
0000000000000000 B some_variable
configure:4596: result: BSD nm
configure:4599: checking whether ln -s works
configure:4603: result: yes
configure:4611: checking the maximum length of command line arguments
configure:4742: result: 1572864
configure:4790: checking how to convert x86_64-unknown-linux-gnu file names to x86_64-unknown-linux-gnu format
configure:4830: result: func_convert_file_noop
configure:4837: checking how to convert x86_64-unknown-linux-gnu file names to toolchain format
configure:4857: result: func_convert_file_noop
configure:4864: checking for /usr/bin/ld option to reload object files
configure:4871: result: -r
configure:4945: checking for objdump
configure:4961: found /usr/bin/objdump
configure:4972: result: objdump
configure:5004: checking how to recognize dependent libraries
configure:5204: result: pass_all
configure:5289: checking for dlltool
configure:5319: result: no
configure:5349: checking how to associate runtime and link libraries
configure:5376: result: printf %s\n
configure:5437: checking for ar
configure:5453: found /usr/bin/ar
configure:5464: result: ar
configure:5501: checking for archiver @FILE support
configure:5518: gcc -c -g -O2  conftest.c >&5
configure:5518: $? = 0
configure:5521: ar cru libconftest.a @conftest.lst >&5
configure:5524: $? = 0
configure:5529: ar cru libconftest.a @conftest.lst >&5
ar: conftest.o: No such file or directory
configure:5532: $? = 1
configure:5544: result: @
configure:5602: checking for strip
configure:5618: found /usr/bin/strip
configure:5629: result: strip
configure:5701: checking for ranlib
configure:5717: found /usr/bin/ranlib
configure:5728: result: ranlib
configure:5830: checking command to parse /usr/bin/nm -B output from gcc object
configure:5983: gcc -c -g -O2  conftest.c >&5
configure:5986: $? = 0
configure:5990: /usr/bin/nm -B conftest.o \| sed -n -e 's/^.*[ ]\([ABCDGIRSTW][ABCDGIRSTW]*\)[ ][ ]*\([_A-Za-z][_A-Za-z0-9]*\)$/\1 \2 \2/p' | sed '/ __gnu_lto/d' \> conftest.nm
configure:5993: $? = 0
configure:6059: gcc -o conftest -g -O2   conftest.c conftstm.o >&5
configure:6062: $? = 0
configure:6100: result: ok
configure:6147: checking for sysroot
configure:6177: result: no
configure:6184: checking for a working dd
configure:6222: result: /usr/bin/dd
configure:6226: checking how to truncate binary pipes
configure:6241: result: /usr/bin/dd bs=4096 count=1
configure:6377: gcc -c -g -O2  conftest.c >&5
configure:6380: $? = 0
configure:6570: checking for mt
configure:6600: result: no
configure:6620: checking if : is a manifest tool
configure:6626: : '-?'
configure:6634: result: no
configure:7311: checking how to run the C preprocessor
configure:7342: gcc -E  conftest.c
configure:7342: $? = 0
configure:7356: gcc -E  conftest.c
conftest.c:11:28: fatal error: ac_nonexistent.h: No such file or directory
 #include <ac_nonexistent.h>
                            ^
compilation terminated.
configure:7356: $? = 1
configure: failed program was:
| /* confdefs.h */
| #define PACKAGE_NAME "epoll"
| #define PACKAGE_TARNAME "epoll"
| #define PACKAGE_VERSION "1.0"
| #define PACKAGE_STRING "epoll 1.0"
| #define PACKAGE_BUGREPORT ""
| #define PACKAGE_URL ""
| #define PACKAGE "epoll"
| #define VERSION "1.0"
| /* end confdefs.h.  */
| #include <ac_nonexistent.h>
configure:7381: result: gcc -E
configure:7401: gcc -E  conftest.c
configure:7401: $? = 0
configure:7415: gcc -E  conftest.c
conftest.c:11:28: fatal error: ac_nonexistent.h: No such file or directory
 #include <ac_nonexistent.h>
                            ^
compilation terminated.
configure:7415: $? = 1
configure: failed program was:
| /* confdefs.h */
| #define PACKAGE_NAME "epoll"
| #define PACKAGE_TARNAME "epoll"
| #define PACKAGE_VERSION "1.0"
| #define PACKAGE_STRING "epoll 1.0"
| #define PACKAGE_BUGREPORT ""
| #define PACKAGE_URL ""
| #define PACKAGE "epoll"
| #define VERSION "1.0"
| /* end confdefs.h.  */
| #include <ac_nonexistent.h>
configure:7444: checking for ANSI C header files
configure:7464: gcc -c -g -O2  conftest.c >&5
configure:7464: $? = 0
configure:7537: gcc -o conftest -g -O2   conftest.c  >&5
configure:7537: $? = 0
configure:7537: ./conftest
configure:7537: $? = 0
configure:7548: result: yes
configure:7561: checking for sys/types.h
configure:7561: gcc -c -g -O2  conftest.c >&5
configure:7561: $? = 0
configure:7561: result: yes
configure:7561: checking for sys/stat.h
configure:7561: gcc -c -g -O2  conftest.c >&5
configure:7561: $? = 0
configure:7561: result: yes
configure:7561: checking for stdlib.h
configure:7561: gcc -c -g -O2  conftest.c >&5
configure:7561: $? = 0
configure:7561: result: yes
configure:7561: checking for string.h
configure:7561: gcc -c -g -O2  conftest.c >&5
configure:7561: $? = 0
configure:7561: result: yes
configure:7561: checking for memory.h
configure:7561: gcc -c -g -O2  conftest.c >&5
configure:7561: $? = 0
configure:7561: result: yes
configure:7561: checking for strings.h
configure:7561: gcc -c -g -O2  conftest.c >&5
configure:7561: $? = 0
configure:7561: result: yes
configure:7561: checking for inttypes.h
configure:7561: gcc -c -g -O2  conftest.c >&5
configure:7561: $? = 0
configure:7561: result: yes
configure:7561: checking for stdint.h
configure:7561: gcc -c -g -O2  conftest.c >&5
configure:7561: $? = 0
configure:7561: result: yes
configure:7561: checking for unistd.h
configure:7561: gcc -c -g -O2  conftest.c >&5
configure:7561: $? = 0
configure:7561: result: yes
configure:7575: checking for dlfcn.h
configure:7575: gcc -c -g -O2  conftest.c >&5
configure:7575: $? = 0
configure:7575: result: yes
configure:7831: checking for objdir
configure:7846: result: .libs
configure:8110: checking if gcc supports -fno-rtti -fno-exceptions
configure:8128: gcc -c -g -O2  -fno-rtti -fno-exceptions conftest.c >&5
cc1: warning: command line option '-fno-rtti' is valid for C++/ObjC++ but not for C
configure:8132: $? = 0
configure:8145: result: no
configure:8503: checking for gcc option to produce PIC
configure:8510: result: -fPIC -DPIC
configure:8518: checking if gcc PIC flag -fPIC -DPIC works
configure:8536: gcc -c -g -O2  -fPIC -DPIC -DPIC conftest.c >&5
configure:8540: $? = 0
configure:8553: result: yes
configure:8582: checking if gcc static flag -static works
configure:8610: result: no
configure:8625: checking if gcc supports -c -o file.o
configure:8646: gcc -c -g -O2  -o out/conftest2.o conftest.c >&5
configure:8650: $? = 0
configure:8672: result: yes
configure:8680: checking if gcc supports -c -o file.o
configure:8727: result: yes
configure:8760: checking whether the gcc linker (/usr/bin/ld -m elf_x86_64) supports shared libraries
configure:10019: result: yes
configure:10056: checking whether -lc should be explicitly linked in
configure:10064: gcc -c -g -O2  conftest.c >&5
configure:10067: $? = 0
configure:10082: gcc -shared  -fPIC -DPIC conftest.o  -v -Wl,-soname -Wl,conftest -o conftest 2\>\&1 \| /usr/bin/grep  -lc  \>/dev/null 2\>\&1
configure:10085: $? = 0
configure:10099: result: no
configure:10259: checking dynamic linker characteristics
configure:10840: gcc -o conftest -g -O2   -Wl,-rpath -Wl,/foo conftest.c  >&5
configure:10840: $? = 0
configure:11080: result: GNU/Linux ld.so
configure:11202: checking how to hardcode library paths into programs
configure:11227: result: immediate
configure:11775: checking whether stripping libraries is possible
configure:11780: result: yes
configure:11815: checking if libtool supports shared libraries
configure:11817: result: yes
configure:11820: checking whether to build shared libraries
configure:11845: result: yes
configure:11848: checking whether to build static libraries
configure:11852: result: yes
configure:12037: checking that generated files are newer than configure
configure:12043: result: done
configure:12066: creating ./config.status

## ---------------------- ##
## Running config.status. ##
## ---------------------- ##

This file was extended by epoll config.status 1.0, which was
generated by GNU Autoconf 2.69.  Invocation command line was

  CONFIG_FILES    = 
  CONFIG_HEADERS  = 
  CONFIG_LINKS    = 
  CONFIG_COMMANDS = 
  $ ./config.status 

on localhost.localdomain

config.status:1012: creating Makefile
config.status:1012: creating exampleProgram/Makefile
config.status:1012: creating libepoll/Makefile
config.status:1012: creating include/Makefile
config.status:1184: executing depfiles commands
config.status:1184: executing libtool commands

## ---------------- ##
## Cache variables. ##
## ---------------- ##

ac_cv_build=x86_64-unknown-linux-gnu
ac_cv_c_compiler_gnu=yes
ac_cv_env_CC_set=
ac_cv_env_CC_value=
ac_cv_env_CFLAGS_set=
ac_cv_env_CFLAGS_value=
ac_cv_env_CPPFLAGS_set=
ac_cv_env_CPPFLAGS_value=
ac_cv_env_CPP_set=
ac_cv_env_CPP_value=
ac_cv_env_LDFLAGS_set=
ac_cv_env_LDFLAGS_value=
ac_cv_env_LIBS_set=
ac_cv_env_LIBS_value=
ac_cv_env_LT_SYS_LIBRARY_PATH_set=
ac_cv_env_LT_SYS_LIBRARY_PATH_value=
ac_cv_env_build_alias_set=
ac_cv_env_build_alias_value=
ac_cv_env_host_alias_set=
ac_cv_env_host_alias_value=
ac_cv_env_target_alias_set=
ac_cv_env_target_alias_value=
ac_cv_header_dlfcn_h=yes
ac_cv_header_inttypes_h=yes
ac_cv_header_memory_h=yes
ac_cv_header_stdc=yes
ac_cv_header_stdint_h=yes
ac_cv_header_stdlib_h=yes
ac_cv_header_string_h=yes
ac_cv_header_strings_h=yes
ac_cv_header_sys_stat_h=yes
ac_cv_header_sys_types_h=yes
ac_cv_header_unistd_h=yes
ac_cv_host=x86_64-unknown-linux-gnu
ac_cv_objext=o
ac_cv_path_EGREP='/usr/bin/grep -E'
ac_cv_path_FGREP='/usr/bin/grep -F'
ac_cv_path_GREP=/usr/bin/grep
ac_cv_path_SED=/usr/bin/sed
ac_cv_path_install='/usr/bin/install -c'
ac_cv_path_lt_DD=/usr/bin/dd
ac_cv_path_mkdir=/usr/bin/mkdir
ac_cv_prog_AWK=gawk
ac_cv_prog_CPP='gcc -E'
ac_cv_prog_ac_ct_AR=ar
ac_cv_prog_ac_ct_CC=gcc
ac_cv_prog_ac_ct_OBJDUMP=objdump
ac_cv_prog_ac_ct_RANLIB=ranlib
ac_cv_prog_ac_ct_STRIP=strip
ac_cv_prog_cc_c89=
ac_cv_prog_cc_g=yes
ac_cv_prog_make_make_set=yes
ac_cv_target=x86_64-unknown-linux-gnu
am_cv_CC_dependencies_compiler_type=gcc3
am_cv_make_support_nested_variables=yes
am_cv_prog_cc_c_o=yes
lt_cv_ar_at_file=@
lt_cv_archive_cmds_need_lc=no
lt_cv_deplibs_check_method=pass_all
lt_cv_file_magic_cmd='$MAGIC_CMD'
lt_cv_file_magic_test_file=
lt_cv_ld_reload_flag=-r
lt_cv_nm_interface='BSD nm'
lt_cv_objdir=.libs
lt_cv_path_LD=/usr/bin/ld
lt_cv_path_NM='/usr/bin/nm -B'
lt_cv_path_mainfest_tool=no
lt_cv_prog_compiler_c_o=yes
lt_cv_prog_compiler_pic='-fPIC -DPIC'
lt_cv_prog_compiler_pic_works=yes
lt_cv_prog_compiler_rtti_exceptions=no
lt_cv_prog_compiler_static_works=no
lt_cv_prog_gnu_ld=yes
lt_cv_sharedlib_from_linklib_cmd='printf %s\n'
lt_cv_shlibpath_overrides_runpath=no
lt_cv_sys_global_symbol_pipe='sed -n -e '\''s/^.*[	 ]\([ABCDGIRSTW][ABCDGIRSTW]*\)[	 ][	 ]*\([_A-Za-z][_A-Za-z0-9]*\)$/\1 \2 \2/p'\'' | sed '\''/ __gnu_lto/d'\'''
lt_cv_sys_global_symbol_to_c_name_address='sed -n -e '\''s/^: \(.*\) .*$/  {"\1", (void *) 0},/p'\'' -e '\''s/^[ABCDGIRSTW][ABCDGIRSTW]* .* \(.*\)$/  {"\1", (void *) \&\1},/p'\'''
lt_cv_sys_global_symbol_to_c_name_address_lib_prefix='sed -n -e '\''s/^: \(.*\) .*$/  {"\1", (void *) 0},/p'\'' -e '\''s/^[ABCDGIRSTW][ABCDGIRSTW]* .* \(lib.*\)$/  {"\1", (void *) \&\1},/p'\'' -e '\''s/^[ABCDGIRSTW][ABCDGIRSTW]* .* \(.*\)$/  {"lib\1", (void *) \&\1},/p'\'''
lt_cv_sys_global_symbol_to_cdecl='sed -n -e '\''s/^T .* \(.*\)$/extern int \1();/p'\'' -e '\''s/^[ABCDGIRSTW][ABCDGIRSTW]* .* \(.*\)$/extern char \1;/p'\'''
lt_cv_sys_global_symbol_to_import=
lt_cv_sys_max_cmd_len=1572864
lt_cv_to_host_file_cmd=func_convert_file_noop
lt_cv_to_tool_file_cmd=func_convert_file_noop
lt_cv_truncate_bin='/usr/bin/dd bs=4096 count=1'

## ----------------- ##
## Output variables. ##
## ----------------- ##

ACLOCAL='${SHELL} /home/master/workspace/epoll/missing aclocal-1.15'
AMDEPBACKSLASH='\'
AMDEP_FALSE='#'
AMDEP_TRUE=''
AMTAR='$${TAR-tar}'
AM_BACKSLASH='\'
AM_DEFAULT_V='$(AM_DEFAULT_VERBOSITY)'
AM_DEFAULT_VERBOSITY='1'
AM_V='$(V)'
AR='ar'
AUTOCONF='${SHELL} /home/master/workspace/epoll/missing autoconf'
AUTOHEADER='${SHELL} /home/master/workspace/epoll/missing autoheader'
AUTOMAKE='${SHELL} /home/master/workspace/epoll/missing automake-1.15'
AWK='gawk'
CC='gcc'
CCDEPMODE='depmode=gcc3'
CFLAGS='-g -O2'
CPP='gcc -E'
CPPFLAGS=''
CYGPATH_W='echo'
DEFS='-DPACKAGE_NAME=\"epoll\" -DPACKAGE_TARNAME=\"epoll\" -DPACKAGE_VERSION=\"1.0\" -DPACKAGE_STRING=\"epoll\ 1.0\" -DPACKAGE_BUGREPORT=\"\" -DPACKAGE_URL=\"\" -DPACKAGE=\"epoll\" -DVERSION=\"1.0\" -DSTDC_HEADERS=1 -DHAVE_SYS_TYPES_H=1 -DHAVE_SYS_STAT_H=1 -DHAVE_STDLIB_H=1 -DHAVE_STRING_H=1 -DHAVE_MEMORY_H=1 -DHAVE_STRINGS_H=1 -DHAVE_INTTYPES_H=1 -DHAVE_STDINT_H=1 -DHAVE_UNISTD_H=1 -DHAVE_DLFCN_H=1 -DLT_OBJDIR=\".libs/\"'
DEPDIR='.deps'
DLLTOOL='false'
DSYMUTIL=''
DUMPBIN=''
ECHO_C=''
ECHO_N='-n'
ECHO_T=''
EGREP='/usr/bin/grep -E'
EXEEXT=''
FGREP='/usr/bin/grep -F'
GREP='/usr/bin/grep'
INSTALL_DATA='${INSTALL} -m 644'
INSTALL_PROGRAM='${INSTALL}'
INSTALL_SCRIPT='${INSTALL}'
INSTALL_STRIP_PROGRAM='$(install_sh) -c -s'
LD='/usr/bin/ld -m elf_x86_64'
LDFLAGS=''
LIBOBJS=''
LIBS=''
LIBTOOL='$(SHELL) $(top_builddir)/libtool'
LIPO=''
LN_S='ln -s'
LTLIBOBJS=''
LT_SYS_LIBRARY_PATH=''
MAKEINFO='${SHELL} /home/master/workspace/epoll/missing makeinfo'
MANIFEST_TOOL=':'
MKDIR_P='/usr/bin/mkdir -p'
NM='/usr/bin/nm -B'
NMEDIT=''
OBJDUMP='objdump'
OBJEXT='o'
OTOOL64=''
OTOOL=''
PACKAGE='epoll'
PACKAGE_BUGREPORT=''
PACKAGE_NAME='epoll'
PACKAGE_STRING='epoll 1.0'
PACKAGE_TARNAME='epoll'
PACKAGE_URL=''
PACKAGE_VERSION='1.0'
PATH_SEPARATOR=':'
RANLIB='ranlib'
SED='/usr/bin/sed'
SET_MAKE=''
SHELL='/bin/sh'
STRIP='strip'
VERSION='1.0'
ac_ct_AR='ar'
ac_ct_CC='gcc'
ac_ct_DUMPBIN=''
am__EXEEXT_FALSE=''
am__EXEEXT_TRUE='#'
am__fastdepCC_FALSE='#'
am__fastdepCC_TRUE=''
am__include='include'
am__isrc=''
am__leading_dot='.'
am__nodep='_no'
am__quote=''
am__tar='$${TAR-tar} chof - "$$tardir"'
am__untar='$${TAR-tar} xf -'
bindir='${exec_prefix}/bin'
build='x86_64-unknown-linux-gnu'
build_alias=''
build_cpu='x86_64'
build_os='linux-gnu'
build_vendor='unknown'
datadir='${datarootdir}'
datarootdir='${prefix}/share'
docdir='${datarootdir}/doc/${PACKAGE_TARNAME}'
dvidir='${docdir}'
exec_prefix='${prefix}'
host='x86_64-unknown-linux-gnu'
host_alias=''
host_cpu='x86_64'
host_os='linux-gnu'
host_vendor='unknown'
htmldir='${docdir}'
includedir='${prefix}/include'
infodir='${datarootdir}/info'
install_sh='${SHELL} /home/master/workspace/epoll/install-sh'
libdir='${exec_prefix}/lib'
libexecdir='${exec_prefix}/libexec'
localedir='${datarootdir}/locale'
localstatedir='${prefix}/var'
mandir='${datarootdir}/man'
mkdir_p='$(MKDIR_P)'
oldincludedir='/usr/include'
pdfdir='${docdir}'
prefix='/usr/local'
program_transform_name='s,x,x,'
psdir='${docdir}'
sbindir='${exec_prefix}/sbin'
sharedstatedir='${prefix}/com'
sysconfdir='${prefix}/etc'
target='x86_64-unknown-linux-gnu'
target_alias=''
target_cpu='x86_64'
target_os='linux-gnu'
target_vendor='unknown'

## ----------- ##
## confdefs.h. ##
## ----------- ##

/* confdefs.h */
#define PACKAGE_NAME "epoll"
#define PACKAGE_TARNAME "epoll"
#define PACKAGE_VERSION "1.0"
#define PACKAGE_STRING "epoll 1.0"
#define PACKAGE_BUGREPORT ""
#define PACKAGE_URL ""
#define PACKAGE "epoll"
#define VERSION "1.0"
#define STDC_HEADERS 1
#define HAVE_SYS_TYPES_H 1
#define HAVE_SYS_STAT_H 1
#define HAVE_STDLIB_H 1
#define HAVE_STRING_H 1
#define HAVE_MEMORY_H 1
#define HAVE_STRINGS_H 1
#define HAVE_INTTYPES_H 1
#define HAVE_STDINT_H 1
#define HAVE_UNISTD_H 1
#define HAVE_DLFCN_H 1
#define LT_OBJDIR ".libs/"

configure: exit 0
